[0.072s] DEBUG:colcon:Command line arguments: ['/usr/bin/colcon', 'build', '--symlink-install']
[0.072s] DEBUG:colcon:Parsed command line arguments: Namespace(log_base=None, log_level=None, verb_name='build', build_base='build', install_base='install', merge_install=False, symlink_install=True, test_result_base=None, continue_on_error=False, executor='parallel', parallel_workers=16, event_handlers=None, ignore_user_meta=False, metas=['./colcon.meta'], base_paths=['.'], packages_ignore=None, packages_ignore_regex=None, paths=None, packages_up_to=None, packages_up_to_regex=None, packages_above=None, packages_above_and_dependencies=None, packages_above_depth=None, packages_select_by_dep=None, packages_skip_by_dep=None, packages_skip_up_to=None, packages_select_build_failed=False, packages_skip_build_finished=False, packages_select_test_failures=False, packages_skip_test_passed=False, packages_select=None, packages_skip=None, packages_select_regex=None, packages_skip_regex=None, packages_start=None, packages_end=None, allow_overriding=[], cmake_args=None, cmake_target=None, cmake_target_skip_unavailable=False, cmake_clean_cache=False, cmake_clean_first=False, cmake_force_configure=False, ament_cmake_args=None, catkin_cmake_args=None, catkin_skip_building_tests=False, mixin_files=None, mixin=None, verb_parser=<colcon_mixin.mixin.mixin_argument.MixinArgumentDecorator object at 0x7db2afbd4e50>, verb_extension=<colcon_core.verb.build.BuildVerb object at 0x7db2afbd4760>, main=<bound method BuildVerb.main of <colcon_core.verb.build.BuildVerb object at 0x7db2afbd4760>>, mixin_verb=('build',))
[0.208s] Level 1:colcon.colcon_core.package_discovery:discover_packages(colcon_meta) check parameters
[0.209s] Level 1:colcon.colcon_core.package_discovery:discover_packages(recursive) check parameters
[0.209s] Level 1:colcon.colcon_core.package_discovery:discover_packages(ignore) check parameters
[0.209s] Level 1:colcon.colcon_core.package_discovery:discover_packages(path) check parameters
[0.209s] Level 1:colcon.colcon_core.package_discovery:discover_packages(colcon_meta) discover
[0.209s] Level 1:colcon.colcon_core.package_discovery:discover_packages(recursive) discover
[0.209s] INFO:colcon.colcon_core.package_discovery:Crawling recursively for packages in '/home/robot/class_samples/ws_arm'
[0.209s] Level 1:colcon.colcon_core.package_identification:_identify(.) by extensions ['ignore', 'ignore_ament_install']
[0.209s] Level 1:colcon.colcon_core.package_identification:_identify(.) by extension 'ignore'
[0.209s] Level 1:colcon.colcon_core.package_identification:_identify(.) by extension 'ignore_ament_install'
[0.209s] Level 1:colcon.colcon_core.package_identification:_identify(.) by extensions ['colcon_pkg']
[0.209s] Level 1:colcon.colcon_core.package_identification:_identify(.) by extension 'colcon_pkg'
[0.209s] Level 1:colcon.colcon_core.package_identification:_identify(.) by extensions ['colcon_meta']
[0.209s] Level 1:colcon.colcon_core.package_identification:_identify(.) by extension 'colcon_meta'
[0.209s] Level 1:colcon.colcon_core.package_identification:_identify(.) by extensions ['ros']
[0.209s] Level 1:colcon.colcon_core.package_identification:_identify(.) by extension 'ros'
[0.215s] Level 1:colcon.colcon_core.package_identification:_identify(.) by extensions ['cmake', 'python']
[0.215s] Level 1:colcon.colcon_core.package_identification:_identify(.) by extension 'cmake'
[0.215s] Level 1:colcon.colcon_core.package_identification:_identify(.) by extension 'python'
[0.216s] Level 1:colcon.colcon_core.package_identification:_identify(.) by extensions ['python_setup_py']
[0.216s] Level 1:colcon.colcon_core.package_identification:_identify(.) by extension 'python_setup_py'
[0.216s] Level 1:colcon.colcon_core.package_identification:_identify(build) by extensions ['ignore', 'ignore_ament_install']
[0.216s] Level 1:colcon.colcon_core.package_identification:_identify(build) by extension 'ignore'
[0.216s] Level 1:colcon.colcon_core.package_identification:_identify(build) ignored
[0.216s] Level 1:colcon.colcon_core.package_identification:_identify(install) by extensions ['ignore', 'ignore_ament_install']
[0.216s] Level 1:colcon.colcon_core.package_identification:_identify(install) by extension 'ignore'
[0.216s] Level 1:colcon.colcon_core.package_identification:_identify(install) ignored
[0.216s] Level 1:colcon.colcon_core.package_identification:_identify(log) by extensions ['ignore', 'ignore_ament_install']
[0.216s] Level 1:colcon.colcon_core.package_identification:_identify(log) by extension 'ignore'
[0.216s] Level 1:colcon.colcon_core.package_identification:_identify(log) ignored
[0.216s] Level 1:colcon.colcon_core.package_identification:_identify(src) by extensions ['ignore', 'ignore_ament_install']
[0.216s] Level 1:colcon.colcon_core.package_identification:_identify(src) by extension 'ignore'
[0.216s] Level 1:colcon.colcon_core.package_identification:_identify(src) by extension 'ignore_ament_install'
[0.216s] Level 1:colcon.colcon_core.package_identification:_identify(src) by extensions ['colcon_pkg']
[0.216s] Level 1:colcon.colcon_core.package_identification:_identify(src) by extension 'colcon_pkg'
[0.216s] Level 1:colcon.colcon_core.package_identification:_identify(src) by extensions ['colcon_meta']
[0.216s] Level 1:colcon.colcon_core.package_identification:_identify(src) by extension 'colcon_meta'
[0.216s] Level 1:colcon.colcon_core.package_identification:_identify(src) by extensions ['ros']
[0.216s] Level 1:colcon.colcon_core.package_identification:_identify(src) by extension 'ros'
[0.216s] Level 1:colcon.colcon_core.package_identification:_identify(src) by extensions ['cmake', 'python']
[0.216s] Level 1:colcon.colcon_core.package_identification:_identify(src) by extension 'cmake'
[0.216s] Level 1:colcon.colcon_core.package_identification:_identify(src) by extension 'python'
[0.216s] Level 1:colcon.colcon_core.package_identification:_identify(src) by extensions ['python_setup_py']
[0.216s] Level 1:colcon.colcon_core.package_identification:_identify(src) by extension 'python_setup_py'
[0.216s] Level 1:colcon.colcon_core.package_identification:_identify(src/arm_odom) by extensions ['ignore', 'ignore_ament_install']
[0.216s] Level 1:colcon.colcon_core.package_identification:_identify(src/arm_odom) by extension 'ignore'
[0.216s] Level 1:colcon.colcon_core.package_identification:_identify(src/arm_odom) by extension 'ignore_ament_install'
[0.216s] Level 1:colcon.colcon_core.package_identification:_identify(src/arm_odom) by extensions ['colcon_pkg']
[0.216s] Level 1:colcon.colcon_core.package_identification:_identify(src/arm_odom) by extension 'colcon_pkg'
[0.216s] Level 1:colcon.colcon_core.package_identification:_identify(src/arm_odom) by extensions ['colcon_meta']
[0.216s] Level 1:colcon.colcon_core.package_identification:_identify(src/arm_odom) by extension 'colcon_meta'
[0.216s] Level 1:colcon.colcon_core.package_identification:_identify(src/arm_odom) by extensions ['ros']
[0.216s] Level 1:colcon.colcon_core.package_identification:_identify(src/arm_odom) by extension 'ros'
[0.218s] DEBUG:colcon.colcon_core.package_identification:Package 'src/arm_odom' with type 'ros.ament_cmake' and name 'arm_odom'
[0.218s] Level 1:colcon.colcon_core.package_identification:_identify(src/arm_tutorial) by extensions ['ignore', 'ignore_ament_install']
[0.218s] Level 1:colcon.colcon_core.package_identification:_identify(src/arm_tutorial) by extension 'ignore'
[0.218s] Level 1:colcon.colcon_core.package_identification:_identify(src/arm_tutorial) by extension 'ignore_ament_install'
[0.218s] Level 1:colcon.colcon_core.package_identification:_identify(src/arm_tutorial) by extensions ['colcon_pkg']
[0.218s] Level 1:colcon.colcon_core.package_identification:_identify(src/arm_tutorial) by extension 'colcon_pkg'
[0.218s] Level 1:colcon.colcon_core.package_identification:_identify(src/arm_tutorial) by extensions ['colcon_meta']
[0.218s] Level 1:colcon.colcon_core.package_identification:_identify(src/arm_tutorial) by extension 'colcon_meta'
[0.218s] Level 1:colcon.colcon_core.package_identification:_identify(src/arm_tutorial) by extensions ['ros']
[0.218s] Level 1:colcon.colcon_core.package_identification:_identify(src/arm_tutorial) by extension 'ros'
[0.219s] DEBUG:colcon.colcon_core.package_identification:Package 'src/arm_tutorial' with type 'ros.ament_python' and name 'arm_tutorial'
[0.219s] Level 1:colcon.colcon_core.package_discovery:discover_packages(recursive) using defaults
[0.219s] Level 1:colcon.colcon_core.package_discovery:discover_packages(ignore) discover
[0.219s] Level 1:colcon.colcon_core.package_discovery:discover_packages(ignore) using defaults
[0.219s] Level 1:colcon.colcon_core.package_discovery:discover_packages(path) discover
[0.219s] Level 1:colcon.colcon_core.package_discovery:discover_packages(path) using defaults
[0.233s] Level 1:colcon.colcon_core.package_discovery:discover_packages(prefix_path) check parameters
[0.233s] Level 1:colcon.colcon_core.package_discovery:discover_packages(prefix_path) discover
[0.233s] WARNING:colcon.colcon_core.prefix_path.colcon:The path '/home/robot/class_sample/ws_sim/install' in the environment variable COLCON_PREFIX_PATH doesn't exist
[0.233s] WARNING:colcon.colcon_core.prefix_path.colcon:The path '/home/robot/class_sample/ws_arm/install' in the environment variable COLCON_PREFIX_PATH doesn't exist
[0.233s] WARNING:colcon.colcon_core.prefix_path.colcon:The path '/home/robot/class_sample/ws_urdf/install' in the environment variable COLCON_PREFIX_PATH doesn't exist
[0.233s] WARNING:colcon.colcon_ros.prefix_path.ament:The path '/home/robot/class_sample/ws_sim/install/sim_tutorial' in the environment variable AMENT_PREFIX_PATH doesn't exist
[0.234s] WARNING:colcon.colcon_ros.prefix_path.ament:The path '/home/robot/class_sample/ws_arm/install/arm_tutorial' in the environment variable AMENT_PREFIX_PATH doesn't exist
[0.234s] WARNING:colcon.colcon_ros.prefix_path.ament:The path '/home/robot/class_sample/ws_arm/install/arm_odom' in the environment variable AMENT_PREFIX_PATH doesn't exist
[0.234s] WARNING:colcon.colcon_ros.prefix_path.ament:The path '/home/robot/class_sample/ws_urdf/install/urdf_tutorial' in the environment variable AMENT_PREFIX_PATH doesn't exist
[0.234s] WARNING:colcon.colcon_ros.prefix_path.catkin:The path '/home/robot/class_sample/ws_arm/install/arm_odom' in the environment variable CMAKE_PREFIX_PATH doesn't exist
[0.235s] DEBUG:colcon.colcon_installed_package_information.package_discovery:Found 5 installed packages in /home/robot/RH-P12-RN-A/install
[0.236s] DEBUG:colcon.colcon_installed_package_information.package_discovery:Found 27 installed packages in /home/robot/turtlebot3_ws/install
[0.236s] DEBUG:colcon.colcon_installed_package_information.package_discovery:Found 1 installed packages in /home/robot/multitb_ws/install
[0.236s] DEBUG:colcon.colcon_installed_package_information.package_discovery:Found 13 installed packages in /home/robot/rokeypj_ws/install
[0.236s] DEBUG:colcon.colcon_installed_package_information.package_discovery:Found 1 installed packages in /home/robot/rokeyracing_ws/install
[0.237s] DEBUG:colcon.colcon_installed_package_information.package_discovery:Found 22 installed packages in /home/robot/ros2_ws/install
[0.237s] DEBUG:colcon.colcon_installed_package_information.package_discovery:Found 7 installed packages in /home/robot/open_manipulator/install
[0.238s] DEBUG:colcon.colcon_installed_package_information.package_discovery:Found 532 installed packages in /opt/ros/humble
[0.240s] Level 1:colcon.colcon_core.package_discovery:discover_packages(prefix_path) using defaults
[0.275s] Level 5:colcon.colcon_core.verb:set package 'arm_odom' build argument 'cmake_args' from command line to 'None'
[0.275s] Level 5:colcon.colcon_core.verb:set package 'arm_odom' build argument 'cmake_target' from command line to 'None'
[0.275s] Level 5:colcon.colcon_core.verb:set package 'arm_odom' build argument 'cmake_target_skip_unavailable' from command line to 'False'
[0.275s] Level 5:colcon.colcon_core.verb:set package 'arm_odom' build argument 'cmake_clean_cache' from command line to 'False'
[0.275s] Level 5:colcon.colcon_core.verb:set package 'arm_odom' build argument 'cmake_clean_first' from command line to 'False'
[0.275s] Level 5:colcon.colcon_core.verb:set package 'arm_odom' build argument 'cmake_force_configure' from command line to 'False'
[0.275s] Level 5:colcon.colcon_core.verb:set package 'arm_odom' build argument 'ament_cmake_args' from command line to 'None'
[0.275s] Level 5:colcon.colcon_core.verb:set package 'arm_odom' build argument 'catkin_cmake_args' from command line to 'None'
[0.275s] Level 5:colcon.colcon_core.verb:set package 'arm_odom' build argument 'catkin_skip_building_tests' from command line to 'False'
[0.275s] DEBUG:colcon.colcon_core.verb:Building package 'arm_odom' with the following arguments: {'ament_cmake_args': None, 'build_base': '/home/robot/class_samples/ws_arm/build/arm_odom', 'catkin_cmake_args': None, 'catkin_skip_building_tests': False, 'cmake_args': None, 'cmake_clean_cache': False, 'cmake_clean_first': False, 'cmake_force_configure': False, 'cmake_target': None, 'cmake_target_skip_unavailable': False, 'install_base': '/home/robot/class_samples/ws_arm/install/arm_odom', 'merge_install': False, 'path': '/home/robot/class_samples/ws_arm/src/arm_odom', 'symlink_install': True, 'test_result_base': None}
[0.275s] Level 5:colcon.colcon_core.verb:set package 'arm_tutorial' build argument 'cmake_args' from command line to 'None'
[0.276s] Level 5:colcon.colcon_core.verb:set package 'arm_tutorial' build argument 'cmake_target' from command line to 'None'
[0.276s] Level 5:colcon.colcon_core.verb:set package 'arm_tutorial' build argument 'cmake_target_skip_unavailable' from command line to 'False'
[0.276s] Level 5:colcon.colcon_core.verb:set package 'arm_tutorial' build argument 'cmake_clean_cache' from command line to 'False'
[0.276s] Level 5:colcon.colcon_core.verb:set package 'arm_tutorial' build argument 'cmake_clean_first' from command line to 'False'
[0.276s] Level 5:colcon.colcon_core.verb:set package 'arm_tutorial' build argument 'cmake_force_configure' from command line to 'False'
[0.276s] Level 5:colcon.colcon_core.verb:set package 'arm_tutorial' build argument 'ament_cmake_args' from command line to 'None'
[0.276s] Level 5:colcon.colcon_core.verb:set package 'arm_tutorial' build argument 'catkin_cmake_args' from command line to 'None'
[0.276s] Level 5:colcon.colcon_core.verb:set package 'arm_tutorial' build argument 'catkin_skip_building_tests' from command line to 'False'
[0.276s] DEBUG:colcon.colcon_core.verb:Building package 'arm_tutorial' with the following arguments: {'ament_cmake_args': None, 'build_base': '/home/robot/class_samples/ws_arm/build/arm_tutorial', 'catkin_cmake_args': None, 'catkin_skip_building_tests': False, 'cmake_args': None, 'cmake_clean_cache': False, 'cmake_clean_first': False, 'cmake_force_configure': False, 'cmake_target': None, 'cmake_target_skip_unavailable': False, 'install_base': '/home/robot/class_samples/ws_arm/install/arm_tutorial', 'merge_install': False, 'path': '/home/robot/class_samples/ws_arm/src/arm_tutorial', 'symlink_install': True, 'test_result_base': None}
[0.276s] INFO:colcon.colcon_core.executor:Executing jobs using 'parallel' executor
[0.276s] DEBUG:colcon.colcon_parallel_executor.executor.parallel:run_until_complete
[0.277s] INFO:colcon.colcon_ros.task.ament_cmake.build:Building ROS package in '/home/robot/class_samples/ws_arm/src/arm_odom' with build type 'ament_cmake'
[0.277s] INFO:colcon.colcon_cmake.task.cmake.build:Building CMake package in '/home/robot/class_samples/ws_arm/src/arm_odom'
[0.278s] INFO:colcon.colcon_core.plugin_system:Skipping extension 'colcon_core.shell.bat': Not used on non-Windows systems
[0.279s] INFO:colcon.colcon_core.shell:Skip shell extension 'powershell' for command environment: Not usable outside of PowerShell
[0.279s] DEBUG:colcon.colcon_core.shell:Skip shell extension 'dsv' for command environment
[0.284s] INFO:colcon.colcon_ros.task.ament_python.build:Building ROS package in '/home/robot/class_samples/ws_arm/src/arm_tutorial' with build type 'ament_python'
[0.284s] Level 1:colcon.colcon_core.shell:create_environment_hook('arm_tutorial', 'ament_prefix_path')
[0.284s] INFO:colcon.colcon_core.shell:Creating environment hook '/home/robot/class_samples/ws_arm/install/arm_tutorial/share/arm_tutorial/hook/ament_prefix_path.ps1'
[0.284s] INFO:colcon.colcon_core.shell:Creating environment descriptor '/home/robot/class_samples/ws_arm/install/arm_tutorial/share/arm_tutorial/hook/ament_prefix_path.dsv'
[0.285s] INFO:colcon.colcon_core.shell:Creating environment hook '/home/robot/class_samples/ws_arm/install/arm_tutorial/share/arm_tutorial/hook/ament_prefix_path.sh'
[0.285s] INFO:colcon.colcon_core.shell:Skip shell extension 'powershell' for command environment: Not usable outside of PowerShell
[0.285s] DEBUG:colcon.colcon_core.shell:Skip shell extension 'dsv' for command environment
[0.294s] DEBUG:colcon.colcon_core.event_handler.log_command:Invoking command in '/home/robot/class_samples/ws_arm/build/arm_odom': CMAKE_PREFIX_PATH=${CMAKE_PREFIX_PATH}:/home/robot/class_sample/ws_sim/install/sim_tutorial:/home/robot/class_sample/ws_arm/install/arm_tutorial:/home/robot/class_sample/ws_urdf/install/urdf_tutorial:/home/robot/turtlebot3_ws/install/turtlebot3_teleop:/home/robot/turtlebot3_ws/install/turtlebot3_example:/home/robot/turtlebot3_ws/install/turtlebot3_fsd:/home/robot/turtlebot3_ws/install/turtlebot3_autorace_mission:/home/robot/turtlebot3_ws/install/turtlebot3_autorace_detect:/home/robot/turtlebot3_ws/install/turtlebot3_autorace_camera:/home/robot/turtlebot3_ws/install/pyqt_robot:/home/robot/rokeypj_ws/install/sample_pkg:/home/robot/rokeypj_ws/install/fsd_pkg:/home/robot/rokeypj_ws/install/aruco_yolo:/home/robot/rokeyracing_ws/install/pyqt_robot:/home/robot/RH-P12-RN-A/install/rh_p12_rn_a_bringup:/home/robot/RH-P12-RN-A/install/example:/home/robot/ros2_ws/install/dsr_visualservoing:/home/robot/ros2_ws/install/dsr_tests:/home/robot/ros2_ws/install/dsr_bringup2:/home/robot/ros2_ws/install/dsr_example:/opt/ros/humble /usr/bin/cmake /home/robot/class_samples/ws_arm/src/arm_odom -DAMENT_CMAKE_SYMLINK_INSTALL=1 -DCMAKE_INSTALL_PREFIX=/home/robot/class_samples/ws_arm/install/arm_odom
[0.493s] INFO:colcon.colcon_core.task.python.build:Building Python package in '/home/robot/class_samples/ws_arm/src/arm_tutorial'
[0.493s] INFO:colcon.colcon_core.shell:Skip shell extension 'powershell' for command environment: Not usable outside of PowerShell
[0.493s] DEBUG:colcon.colcon_core.shell:Skip shell extension 'dsv' for command environment
[0.805s] DEBUG:colcon.colcon_core.event_handler.log_command:Invoking command in '/home/robot/class_samples/ws_arm/build/arm_tutorial': PYTHONPATH=/home/robot/class_samples/ws_arm/build/arm_tutorial/prefix_override:/usr/lib/python3/dist-packages/colcon_core/task/python/colcon_distutils_commands:/home/robot/class_samples/ws_arm/install/arm_tutorial/lib/python3.10/site-packages:${PYTHONPATH} /usr/bin/python3 -W ignore:setup.py install is deprecated -W ignore:easy_install command is deprecated setup.py develop --editable --build-directory /home/robot/class_samples/ws_arm/build/arm_tutorial/build --no-deps symlink_data
[1.184s] Level 1:colcon.colcon_core.shell:create_environment_hook('arm_tutorial', 'pythonpath_develop')
[1.184s] INFO:colcon.colcon_core.shell:Creating environment hook '/home/robot/class_samples/ws_arm/build/arm_tutorial/share/arm_tutorial/hook/pythonpath_develop.ps1'
[1.185s] DEBUG:colcon.colcon_core.event_handler.log_command:Invoked command in '/home/robot/class_samples/ws_arm/build/arm_tutorial' returned '0': PYTHONPATH=/home/robot/class_samples/ws_arm/build/arm_tutorial/prefix_override:/usr/lib/python3/dist-packages/colcon_core/task/python/colcon_distutils_commands:/home/robot/class_samples/ws_arm/install/arm_tutorial/lib/python3.10/site-packages:${PYTHONPATH} /usr/bin/python3 -W ignore:setup.py install is deprecated -W ignore:easy_install command is deprecated setup.py develop --editable --build-directory /home/robot/class_samples/ws_arm/build/arm_tutorial/build --no-deps symlink_data
[1.185s] INFO:colcon.colcon_core.shell:Creating environment descriptor '/home/robot/class_samples/ws_arm/build/arm_tutorial/share/arm_tutorial/hook/pythonpath_develop.dsv'
[1.185s] INFO:colcon.colcon_core.shell:Creating environment hook '/home/robot/class_samples/ws_arm/build/arm_tutorial/share/arm_tutorial/hook/pythonpath_develop.sh'
[1.187s] Level 1:colcon.colcon_core.environment:checking '/home/robot/class_samples/ws_arm/install/arm_tutorial' for CMake module files
[1.187s] Level 1:colcon.colcon_core.environment:checking '/home/robot/class_samples/ws_arm/install/arm_tutorial' for CMake config files
[1.187s] Level 1:colcon.colcon_core.environment:checking '/home/robot/class_samples/ws_arm/install/arm_tutorial/lib'
[1.188s] Level 1:colcon.colcon_core.environment:checking '/home/robot/class_samples/ws_arm/install/arm_tutorial/bin'
[1.188s] Level 1:colcon.colcon_core.environment:checking '/home/robot/class_samples/ws_arm/install/arm_tutorial/lib/pkgconfig/arm_tutorial.pc'
[1.188s] Level 1:colcon.colcon_core.environment:checking '/home/robot/class_samples/ws_arm/install/arm_tutorial/lib/python3.10/site-packages'
[1.188s] Level 1:colcon.colcon_core.shell:create_environment_hook('arm_tutorial', 'pythonpath')
[1.188s] INFO:colcon.colcon_core.shell:Creating environment hook '/home/robot/class_samples/ws_arm/install/arm_tutorial/share/arm_tutorial/hook/pythonpath.ps1'
[1.188s] INFO:colcon.colcon_core.shell:Creating environment descriptor '/home/robot/class_samples/ws_arm/install/arm_tutorial/share/arm_tutorial/hook/pythonpath.dsv'
[1.188s] INFO:colcon.colcon_core.shell:Creating environment hook '/home/robot/class_samples/ws_arm/install/arm_tutorial/share/arm_tutorial/hook/pythonpath.sh'
[1.189s] Level 1:colcon.colcon_core.environment:checking '/home/robot/class_samples/ws_arm/install/arm_tutorial/bin'
[1.189s] Level 1:colcon.colcon_core.environment:create_environment_scripts_only(arm_tutorial)
[1.189s] INFO:colcon.colcon_core.shell:Creating package script '/home/robot/class_samples/ws_arm/install/arm_tutorial/share/arm_tutorial/package.ps1'
[1.189s] INFO:colcon.colcon_core.shell:Creating package descriptor '/home/robot/class_samples/ws_arm/install/arm_tutorial/share/arm_tutorial/package.dsv'
[1.190s] INFO:colcon.colcon_core.shell:Creating package script '/home/robot/class_samples/ws_arm/install/arm_tutorial/share/arm_tutorial/package.sh'
[1.190s] INFO:colcon.colcon_core.shell:Creating package script '/home/robot/class_samples/ws_arm/install/arm_tutorial/share/arm_tutorial/package.bash'
[1.190s] INFO:colcon.colcon_core.shell:Creating package script '/home/robot/class_samples/ws_arm/install/arm_tutorial/share/arm_tutorial/package.zsh'
[1.190s] Level 1:colcon.colcon_core.environment:create_file_with_runtime_dependencies(/home/robot/class_samples/ws_arm/install/arm_tutorial/share/colcon-core/packages/arm_tutorial)
[1.530s] DEBUG:colcon.colcon_core.event_handler.log_command:Invoked command in '/home/robot/class_samples/ws_arm/build/arm_odom' returned '0': CMAKE_PREFIX_PATH=${CMAKE_PREFIX_PATH}:/home/robot/class_sample/ws_sim/install/sim_tutorial:/home/robot/class_sample/ws_arm/install/arm_tutorial:/home/robot/class_sample/ws_urdf/install/urdf_tutorial:/home/robot/turtlebot3_ws/install/turtlebot3_teleop:/home/robot/turtlebot3_ws/install/turtlebot3_example:/home/robot/turtlebot3_ws/install/turtlebot3_fsd:/home/robot/turtlebot3_ws/install/turtlebot3_autorace_mission:/home/robot/turtlebot3_ws/install/turtlebot3_autorace_detect:/home/robot/turtlebot3_ws/install/turtlebot3_autorace_camera:/home/robot/turtlebot3_ws/install/pyqt_robot:/home/robot/rokeypj_ws/install/sample_pkg:/home/robot/rokeypj_ws/install/fsd_pkg:/home/robot/rokeypj_ws/install/aruco_yolo:/home/robot/rokeyracing_ws/install/pyqt_robot:/home/robot/RH-P12-RN-A/install/rh_p12_rn_a_bringup:/home/robot/RH-P12-RN-A/install/example:/home/robot/ros2_ws/install/dsr_visualservoing:/home/robot/ros2_ws/install/dsr_tests:/home/robot/ros2_ws/install/dsr_bringup2:/home/robot/ros2_ws/install/dsr_example:/opt/ros/humble /usr/bin/cmake /home/robot/class_samples/ws_arm/src/arm_odom -DAMENT_CMAKE_SYMLINK_INSTALL=1 -DCMAKE_INSTALL_PREFIX=/home/robot/class_samples/ws_arm/install/arm_odom
[1.532s] DEBUG:colcon.colcon_core.event_handler.log_command:Invoking command in '/home/robot/class_samples/ws_arm/build/arm_odom': CMAKE_PREFIX_PATH=${CMAKE_PREFIX_PATH}:/home/robot/class_sample/ws_sim/install/sim_tutorial:/home/robot/class_sample/ws_arm/install/arm_tutorial:/home/robot/class_sample/ws_urdf/install/urdf_tutorial:/home/robot/turtlebot3_ws/install/turtlebot3_teleop:/home/robot/turtlebot3_ws/install/turtlebot3_example:/home/robot/turtlebot3_ws/install/turtlebot3_fsd:/home/robot/turtlebot3_ws/install/turtlebot3_autorace_mission:/home/robot/turtlebot3_ws/install/turtlebot3_autorace_detect:/home/robot/turtlebot3_ws/install/turtlebot3_autorace_camera:/home/robot/turtlebot3_ws/install/pyqt_robot:/home/robot/rokeypj_ws/install/sample_pkg:/home/robot/rokeypj_ws/install/fsd_pkg:/home/robot/rokeypj_ws/install/aruco_yolo:/home/robot/rokeyracing_ws/install/pyqt_robot:/home/robot/RH-P12-RN-A/install/rh_p12_rn_a_bringup:/home/robot/RH-P12-RN-A/install/example:/home/robot/ros2_ws/install/dsr_visualservoing:/home/robot/ros2_ws/install/dsr_tests:/home/robot/ros2_ws/install/dsr_bringup2:/home/robot/ros2_ws/install/dsr_example:/opt/ros/humble /usr/bin/cmake --build /home/robot/class_samples/ws_arm/build/arm_odom -- -j16 -l16
[6.501s] DEBUG:colcon.colcon_core.event_handler.log_command:Invoked command in '/home/robot/class_samples/ws_arm/build/arm_odom' returned '0': CMAKE_PREFIX_PATH=${CMAKE_PREFIX_PATH}:/home/robot/class_sample/ws_sim/install/sim_tutorial:/home/robot/class_sample/ws_arm/install/arm_tutorial:/home/robot/class_sample/ws_urdf/install/urdf_tutorial:/home/robot/turtlebot3_ws/install/turtlebot3_teleop:/home/robot/turtlebot3_ws/install/turtlebot3_example:/home/robot/turtlebot3_ws/install/turtlebot3_fsd:/home/robot/turtlebot3_ws/install/turtlebot3_autorace_mission:/home/robot/turtlebot3_ws/install/turtlebot3_autorace_detect:/home/robot/turtlebot3_ws/install/turtlebot3_autorace_camera:/home/robot/turtlebot3_ws/install/pyqt_robot:/home/robot/rokeypj_ws/install/sample_pkg:/home/robot/rokeypj_ws/install/fsd_pkg:/home/robot/rokeypj_ws/install/aruco_yolo:/home/robot/rokeyracing_ws/install/pyqt_robot:/home/robot/RH-P12-RN-A/install/rh_p12_rn_a_bringup:/home/robot/RH-P12-RN-A/install/example:/home/robot/ros2_ws/install/dsr_visualservoing:/home/robot/ros2_ws/install/dsr_tests:/home/robot/ros2_ws/install/dsr_bringup2:/home/robot/ros2_ws/install/dsr_example:/opt/ros/humble /usr/bin/cmake --build /home/robot/class_samples/ws_arm/build/arm_odom -- -j16 -l16
[6.507s] DEBUG:colcon.colcon_core.event_handler.log_command:Invoking command in '/home/robot/class_samples/ws_arm/build/arm_odom': CMAKE_PREFIX_PATH=${CMAKE_PREFIX_PATH}:/home/robot/class_sample/ws_sim/install/sim_tutorial:/home/robot/class_sample/ws_arm/install/arm_tutorial:/home/robot/class_sample/ws_urdf/install/urdf_tutorial:/home/robot/turtlebot3_ws/install/turtlebot3_teleop:/home/robot/turtlebot3_ws/install/turtlebot3_example:/home/robot/turtlebot3_ws/install/turtlebot3_fsd:/home/robot/turtlebot3_ws/install/turtlebot3_autorace_mission:/home/robot/turtlebot3_ws/install/turtlebot3_autorace_detect:/home/robot/turtlebot3_ws/install/turtlebot3_autorace_camera:/home/robot/turtlebot3_ws/install/pyqt_robot:/home/robot/rokeypj_ws/install/sample_pkg:/home/robot/rokeypj_ws/install/fsd_pkg:/home/robot/rokeypj_ws/install/aruco_yolo:/home/robot/rokeyracing_ws/install/pyqt_robot:/home/robot/RH-P12-RN-A/install/rh_p12_rn_a_bringup:/home/robot/RH-P12-RN-A/install/example:/home/robot/ros2_ws/install/dsr_visualservoing:/home/robot/ros2_ws/install/dsr_tests:/home/robot/ros2_ws/install/dsr_bringup2:/home/robot/ros2_ws/install/dsr_example:/opt/ros/humble /usr/bin/cmake --install /home/robot/class_samples/ws_arm/build/arm_odom
[6.609s] Level 1:colcon.colcon_core.environment:create_environment_scripts_only(arm_odom)
[6.609s] Level 1:colcon.colcon_core.environment:checking '/home/robot/class_samples/ws_arm/install/arm_odom' for CMake module files
[6.609s] DEBUG:colcon.colcon_core.event_handler.log_command:Invoked command in '/home/robot/class_samples/ws_arm/build/arm_odom' returned '0': CMAKE_PREFIX_PATH=${CMAKE_PREFIX_PATH}:/home/robot/class_sample/ws_sim/install/sim_tutorial:/home/robot/class_sample/ws_arm/install/arm_tutorial:/home/robot/class_sample/ws_urdf/install/urdf_tutorial:/home/robot/turtlebot3_ws/install/turtlebot3_teleop:/home/robot/turtlebot3_ws/install/turtlebot3_example:/home/robot/turtlebot3_ws/install/turtlebot3_fsd:/home/robot/turtlebot3_ws/install/turtlebot3_autorace_mission:/home/robot/turtlebot3_ws/install/turtlebot3_autorace_detect:/home/robot/turtlebot3_ws/install/turtlebot3_autorace_camera:/home/robot/turtlebot3_ws/install/pyqt_robot:/home/robot/rokeypj_ws/install/sample_pkg:/home/robot/rokeypj_ws/install/fsd_pkg:/home/robot/rokeypj_ws/install/aruco_yolo:/home/robot/rokeyracing_ws/install/pyqt_robot:/home/robot/RH-P12-RN-A/install/rh_p12_rn_a_bringup:/home/robot/RH-P12-RN-A/install/example:/home/robot/ros2_ws/install/dsr_visualservoing:/home/robot/ros2_ws/install/dsr_tests:/home/robot/ros2_ws/install/dsr_bringup2:/home/robot/ros2_ws/install/dsr_example:/opt/ros/humble /usr/bin/cmake --install /home/robot/class_samples/ws_arm/build/arm_odom
[6.609s] Level 1:colcon.colcon_core.environment:checking '/home/robot/class_samples/ws_arm/install/arm_odom' for CMake config files
[6.609s] Level 1:colcon.colcon_core.shell:create_environment_hook('arm_odom', 'cmake_prefix_path')
[6.609s] INFO:colcon.colcon_core.shell:Creating environment hook '/home/robot/class_samples/ws_arm/install/arm_odom/share/arm_odom/hook/cmake_prefix_path.ps1'
[6.610s] INFO:colcon.colcon_core.shell:Creating environment descriptor '/home/robot/class_samples/ws_arm/install/arm_odom/share/arm_odom/hook/cmake_prefix_path.dsv'
[6.610s] INFO:colcon.colcon_core.shell:Creating environment hook '/home/robot/class_samples/ws_arm/install/arm_odom/share/arm_odom/hook/cmake_prefix_path.sh'
[6.610s] Level 1:colcon.colcon_core.environment:checking '/home/robot/class_samples/ws_arm/install/arm_odom/lib'
[6.610s] Level 1:colcon.colcon_core.environment:checking '/home/robot/class_samples/ws_arm/install/arm_odom/bin'
[6.610s] Level 1:colcon.colcon_core.environment:checking '/home/robot/class_samples/ws_arm/install/arm_odom/lib/pkgconfig/arm_odom.pc'
[6.610s] Level 1:colcon.colcon_core.environment:checking '/home/robot/class_samples/ws_arm/install/arm_odom/lib/python3.10/site-packages'
[6.610s] Level 1:colcon.colcon_core.environment:checking '/home/robot/class_samples/ws_arm/install/arm_odom/bin'
[6.611s] INFO:colcon.colcon_core.shell:Creating package script '/home/robot/class_samples/ws_arm/install/arm_odom/share/arm_odom/package.ps1'
[6.611s] INFO:colcon.colcon_core.shell:Creating package descriptor '/home/robot/class_samples/ws_arm/install/arm_odom/share/arm_odom/package.dsv'
[6.611s] INFO:colcon.colcon_core.shell:Creating package script '/home/robot/class_samples/ws_arm/install/arm_odom/share/arm_odom/package.sh'
[6.611s] INFO:colcon.colcon_core.shell:Creating package script '/home/robot/class_samples/ws_arm/install/arm_odom/share/arm_odom/package.bash'
[6.611s] INFO:colcon.colcon_core.shell:Creating package script '/home/robot/class_samples/ws_arm/install/arm_odom/share/arm_odom/package.zsh'
[6.611s] Level 1:colcon.colcon_core.environment:create_file_with_runtime_dependencies(/home/robot/class_samples/ws_arm/install/arm_odom/share/colcon-core/packages/arm_odom)
[6.612s] Level 1:colcon.colcon_core.environment:create_environment_scripts_only(arm_odom)
[6.612s] Level 1:colcon.colcon_core.environment:checking '/home/robot/class_samples/ws_arm/install/arm_odom' for CMake module files
[6.612s] Level 1:colcon.colcon_core.environment:checking '/home/robot/class_samples/ws_arm/install/arm_odom' for CMake config files
[6.612s] Level 1:colcon.colcon_core.shell:create_environment_hook('arm_odom', 'cmake_prefix_path')
[6.612s] INFO:colcon.colcon_core.shell:Creating environment hook '/home/robot/class_samples/ws_arm/install/arm_odom/share/arm_odom/hook/cmake_prefix_path.ps1'
[6.612s] INFO:colcon.colcon_core.shell:Creating environment descriptor '/home/robot/class_samples/ws_arm/install/arm_odom/share/arm_odom/hook/cmake_prefix_path.dsv'
[6.612s] INFO:colcon.colcon_core.shell:Creating environment hook '/home/robot/class_samples/ws_arm/install/arm_odom/share/arm_odom/hook/cmake_prefix_path.sh'
[6.613s] Level 1:colcon.colcon_core.environment:checking '/home/robot/class_samples/ws_arm/install/arm_odom/lib'
[6.613s] Level 1:colcon.colcon_core.environment:checking '/home/robot/class_samples/ws_arm/install/arm_odom/bin'
[6.613s] Level 1:colcon.colcon_core.environment:checking '/home/robot/class_samples/ws_arm/install/arm_odom/lib/pkgconfig/arm_odom.pc'
[6.613s] Level 1:colcon.colcon_core.environment:checking '/home/robot/class_samples/ws_arm/install/arm_odom/lib/python3.10/site-packages'
[6.613s] Level 1:colcon.colcon_core.environment:checking '/home/robot/class_samples/ws_arm/install/arm_odom/bin'
[6.613s] INFO:colcon.colcon_core.shell:Creating package script '/home/robot/class_samples/ws_arm/install/arm_odom/share/arm_odom/package.ps1'
[6.613s] INFO:colcon.colcon_core.shell:Creating package descriptor '/home/robot/class_samples/ws_arm/install/arm_odom/share/arm_odom/package.dsv'
[6.613s] INFO:colcon.colcon_core.shell:Creating package script '/home/robot/class_samples/ws_arm/install/arm_odom/share/arm_odom/package.sh'
[6.614s] INFO:colcon.colcon_core.shell:Creating package script '/home/robot/class_samples/ws_arm/install/arm_odom/share/arm_odom/package.bash'
[6.614s] INFO:colcon.colcon_core.shell:Creating package script '/home/robot/class_samples/ws_arm/install/arm_odom/share/arm_odom/package.zsh'
[6.614s] Level 1:colcon.colcon_core.environment:create_file_with_runtime_dependencies(/home/robot/class_samples/ws_arm/install/arm_odom/share/colcon-core/packages/arm_odom)
[6.614s] DEBUG:colcon.colcon_parallel_executor.executor.parallel:closing loop
[6.614s] DEBUG:colcon.colcon_parallel_executor.executor.parallel:loop closed
[6.614s] DEBUG:colcon.colcon_parallel_executor.executor.parallel:run_until_complete finished with '0'
[6.614s] DEBUG:colcon.colcon_core.event_reactor:joining thread
[6.617s] INFO:colcon.colcon_core.plugin_system:Skipping extension 'colcon_notification.desktop_notification.terminal_notifier': Not used on non-Darwin systems
[6.617s] INFO:colcon.colcon_core.plugin_system:Skipping extension 'colcon_notification.desktop_notification.win32': Not used on non-Windows systems
[6.617s] INFO:colcon.colcon_notification.desktop_notification:Sending desktop notification using 'notify2'
[6.627s] DEBUG:colcon.colcon_core.event_reactor:joined thread
[6.627s] INFO:colcon.colcon_core.shell:Creating prefix script '/home/robot/class_samples/ws_arm/install/local_setup.ps1'
[6.628s] INFO:colcon.colcon_core.shell:Creating prefix util module '/home/robot/class_samples/ws_arm/install/_local_setup_util_ps1.py'
[6.628s] INFO:colcon.colcon_core.shell:Creating prefix chain script '/home/robot/class_samples/ws_arm/install/setup.ps1'
[6.630s] INFO:colcon.colcon_core.shell:Creating prefix script '/home/robot/class_samples/ws_arm/install/local_setup.sh'
[6.630s] INFO:colcon.colcon_core.shell:Creating prefix util module '/home/robot/class_samples/ws_arm/install/_local_setup_util_sh.py'
[6.630s] INFO:colcon.colcon_core.shell:Creating prefix chain script '/home/robot/class_samples/ws_arm/install/setup.sh'
[6.632s] INFO:colcon.colcon_core.shell:Creating prefix script '/home/robot/class_samples/ws_arm/install/local_setup.bash'
[6.632s] INFO:colcon.colcon_core.shell:Creating prefix chain script '/home/robot/class_samples/ws_arm/install/setup.bash'
[6.633s] INFO:colcon.colcon_core.shell:Creating prefix script '/home/robot/class_samples/ws_arm/install/local_setup.zsh'
[6.634s] INFO:colcon.colcon_core.shell:Creating prefix chain script '/home/robot/class_samples/ws_arm/install/setup.zsh'
